{"G:\\Projects\\NodeJs\\Vidly\\index.js": {"path":"G:\\Projects\\NodeJs\\Vidly\\index.js","statementMap":{"0":{"start":{"line":1,"column":16},"end":{"line":1,"column":34}},"1":{"start":{"line":2,"column":16},"end":{"line":2,"column":34}},"2":{"start":{"line":3,"column":12},"end":{"line":3,"column":21}},"3":{"start":{"line":5,"column":0},"end":{"line":5,"column":31}},"4":{"start":{"line":6,"column":0},"end":{"line":6,"column":33}},"5":{"start":{"line":7,"column":0},"end":{"line":7,"column":26}},"6":{"start":{"line":8,"column":0},"end":{"line":8,"column":30}},"7":{"start":{"line":9,"column":0},"end":{"line":9,"column":34}},"8":{"start":{"line":11,"column":13},"end":{"line":11,"column":37}},"9":{"start":{"line":12,"column":15},"end":{"line":14,"column":1}},"10":{"start":{"line":13,"column":2},"end":{"line":13,"column":43}},"11":{"start":{"line":16,"column":0},"end":{"line":16,"column":24}}},"fnMap":{"0":{"name":"(anonymous_0)","decl":{"start":{"line":12,"column":32},"end":{"line":12,"column":33}},"loc":{"start":{"line":13,"column":2},"end":{"line":13,"column":43}},"line":13}},"branchMap":{"0":{"loc":{"start":{"line":11,"column":13},"end":{"line":11,"column":37}},"type":"binary-expr","locations":[{"start":{"line":11,"column":13},"end":{"line":11,"column":29}},{"start":{"line":11,"column":33},"end":{"line":11,"column":37}}],"line":11}},"s":{"0":2,"1":2,"2":2,"3":2,"4":2,"5":2,"6":2,"7":2,"8":2,"9":2,"10":2,"11":2},"f":{"0":2},"b":{"0":[2,2]},"_coverageSchema":"43e27e138ebf9cfc5966b082cf9a028302ed4184","hash":"5f7060a18df6dcd05de4f8087b253847da33cf04"}
,"G:\\Projects\\NodeJs\\Vidly\\Models\\Customer.js": {"path":"G:\\Projects\\NodeJs\\Vidly\\Models\\Customer.js","statementMap":{"0":{"start":{"line":1,"column":17},"end":{"line":1,"column":36}},"1":{"start":{"line":2,"column":12},"end":{"line":2,"column":26}},"2":{"start":{"line":4,"column":23},"end":{"line":22,"column":2}},"3":{"start":{"line":25,"column":17},"end":{"line":35,"column":3}},"4":{"start":{"line":37,"column":2},"end":{"line":37,"column":40}},"5":{"start":{"line":40,"column":17},"end":{"line":40,"column":59}},"6":{"start":{"line":42,"column":0},"end":{"line":42,"column":28}},"7":{"start":{"line":43,"column":0},"end":{"line":43,"column":36}}},"fnMap":{"0":{"name":"validateCustomer","decl":{"start":{"line":24,"column":9},"end":{"line":24,"column":25}},"loc":{"start":{"line":24,"column":36},"end":{"line":38,"column":1}},"line":24}},"branchMap":{},"s":{"0":2,"1":2,"2":2,"3":0,"4":0,"5":2,"6":2,"7":2},"f":{"0":0},"b":{},"_coverageSchema":"43e27e138ebf9cfc5966b082cf9a028302ed4184","hash":"acc4a4de21cfac6e26cf2f15e426b326dfb26434"}
,"G:\\Projects\\NodeJs\\Vidly\\Models\\Genre.js": {"path":"G:\\Projects\\NodeJs\\Vidly\\Models\\Genre.js","statementMap":{"0":{"start":{"line":1,"column":17},"end":{"line":1,"column":36}},"1":{"start":{"line":2,"column":12},"end":{"line":2,"column":26}},"2":{"start":{"line":4,"column":20},"end":{"line":12,"column":2}},"3":{"start":{"line":15,"column":17},"end":{"line":20,"column":3}},"4":{"start":{"line":22,"column":2},"end":{"line":22,"column":37}},"5":{"start":{"line":25,"column":14},"end":{"line":25,"column":50}},"6":{"start":{"line":27,"column":0},"end":{"line":27,"column":34}},"7":{"start":{"line":28,"column":0},"end":{"line":28,"column":22}},"8":{"start":{"line":29,"column":0},"end":{"line":29,"column":33}}},"fnMap":{"0":{"name":"validateGenre","decl":{"start":{"line":14,"column":9},"end":{"line":14,"column":22}},"loc":{"start":{"line":14,"column":30},"end":{"line":23,"column":1}},"line":14}},"branchMap":{},"s":{"0":2,"1":2,"2":2,"3":5,"4":5,"5":2,"6":2,"7":2,"8":2},"f":{"0":5},"b":{},"_coverageSchema":"43e27e138ebf9cfc5966b082cf9a028302ed4184","hash":"b4c8ae932b097022e249acd5f9c820d3e7a115f3"}
,"G:\\Projects\\NodeJs\\Vidly\\Models\\Movie.js": {"path":"G:\\Projects\\NodeJs\\Vidly\\Models\\Movie.js","statementMap":{"0":{"start":{"line":1,"column":17},"end":{"line":1,"column":36}},"1":{"start":{"line":2,"column":12},"end":{"line":2,"column":26}},"2":{"start":{"line":3,"column":24},"end":{"line":3,"column":42}},"3":{"start":{"line":5,"column":20},"end":{"line":29,"column":2}},"4":{"start":{"line":32,"column":17},"end":{"line":46,"column":3}},"5":{"start":{"line":48,"column":2},"end":{"line":48,"column":37}},"6":{"start":{"line":51,"column":14},"end":{"line":51,"column":50}},"7":{"start":{"line":53,"column":0},"end":{"line":53,"column":22}},"8":{"start":{"line":54,"column":0},"end":{"line":54,"column":33}},"9":{"start":{"line":55,"column":0},"end":{"line":55,"column":34}}},"fnMap":{"0":{"name":"validateMovie","decl":{"start":{"line":31,"column":9},"end":{"line":31,"column":22}},"loc":{"start":{"line":31,"column":30},"end":{"line":49,"column":1}},"line":31}},"branchMap":{},"s":{"0":2,"1":2,"2":2,"3":2,"4":0,"5":0,"6":2,"7":2,"8":2,"9":2},"f":{"0":0},"b":{},"_coverageSchema":"43e27e138ebf9cfc5966b082cf9a028302ed4184","hash":"27e65009aeffd04ba5204a380a0b3567a482b2bf"}
,"G:\\Projects\\NodeJs\\Vidly\\Models\\Rental.js": {"path":"G:\\Projects\\NodeJs\\Vidly\\Models\\Rental.js","statementMap":{"0":{"start":{"line":1,"column":17},"end":{"line":1,"column":36}},"1":{"start":{"line":2,"column":12},"end":{"line":2,"column":26}},"2":{"start":{"line":4,"column":21},"end":{"line":56,"column":2}},"3":{"start":{"line":58,"column":15},"end":{"line":58,"column":53}},"4":{"start":{"line":61,"column":17},"end":{"line":64,"column":3}},"5":{"start":{"line":66,"column":2},"end":{"line":66,"column":38}},"6":{"start":{"line":69,"column":0},"end":{"line":69,"column":24}},"7":{"start":{"line":70,"column":0},"end":{"line":70,"column":34}}},"fnMap":{"0":{"name":"validateRental","decl":{"start":{"line":60,"column":9},"end":{"line":60,"column":23}},"loc":{"start":{"line":60,"column":32},"end":{"line":67,"column":1}},"line":60}},"branchMap":{},"s":{"0":2,"1":2,"2":2,"3":2,"4":0,"5":0,"6":2,"7":2},"f":{"0":0},"b":{},"_coverageSchema":"43e27e138ebf9cfc5966b082cf9a028302ed4184","hash":"ae08ef0b01b08a8d31e32b49e851771044d44f1f"}
,"G:\\Projects\\NodeJs\\Vidly\\Models\\User.js": {"path":"G:\\Projects\\NodeJs\\Vidly\\Models\\User.js","statementMap":{"0":{"start":{"line":1,"column":17},"end":{"line":1,"column":36}},"1":{"start":{"line":2,"column":12},"end":{"line":2,"column":26}},"2":{"start":{"line":3,"column":19},"end":{"line":3,"column":39}},"3":{"start":{"line":4,"column":15},"end":{"line":4,"column":32}},"4":{"start":{"line":5,"column":12},"end":{"line":5,"column":35}},"5":{"start":{"line":7,"column":19},"end":{"line":34,"column":2}},"6":{"start":{"line":38,"column":18},"end":{"line":51,"column":3}},"7":{"start":{"line":53,"column":18},"end":{"line":62,"column":3}},"8":{"start":{"line":64,"column":2},"end":{"line":64,"column":64}},"9":{"start":{"line":64,"column":29},"end":{"line":64,"column":64}},"10":{"start":{"line":65,"column":2},"end":{"line":65,"column":37}},"11":{"start":{"line":68,"column":0},"end":{"line":77,"column":2}},"12":{"start":{"line":69,"column":16},"end":{"line":75,"column":3}},"13":{"start":{"line":76,"column":2},"end":{"line":76,"column":15}},"14":{"start":{"line":79,"column":13},"end":{"line":79,"column":47}},"15":{"start":{"line":81,"column":0},"end":{"line":81,"column":20}},"16":{"start":{"line":82,"column":0},"end":{"line":82,"column":32}}},"fnMap":{"0":{"name":"validateUser","decl":{"start":{"line":37,"column":9},"end":{"line":37,"column":21}},"loc":{"start":{"line":37,"column":36},"end":{"line":66,"column":1}},"line":37},"1":{"name":"(anonymous_1)","decl":{"start":{"line":68,"column":39},"end":{"line":68,"column":40}},"loc":{"start":{"line":68,"column":50},"end":{"line":77,"column":1}},"line":68}},"branchMap":{"0":{"loc":{"start":{"line":64,"column":2},"end":{"line":64,"column":64}},"type":"if","locations":[{"start":{"line":64,"column":2},"end":{"line":64,"column":64}},{"start":{"line":64,"column":2},"end":{"line":64,"column":64}}],"line":64}},"s":{"0":3,"1":3,"2":3,"3":3,"4":3,"5":3,"6":0,"7":0,"8":0,"9":0,"10":0,"11":3,"12":9,"13":9,"14":3,"15":3,"16":3},"f":{"0":0,"1":9},"b":{"0":[0,0]},"_coverageSchema":"43e27e138ebf9cfc5966b082cf9a028302ed4184","hash":"ab7450e3addacd748203f6ca9e4f9ac9cadfc9da"}
,"G:\\Projects\\NodeJs\\Vidly\\middleware\\admin.js": {"path":"G:\\Projects\\NodeJs\\Vidly\\middleware\\admin.js","statementMap":{"0":{"start":{"line":1,"column":0},"end":{"line":4,"column":2}},"1":{"start":{"line":2,"column":2},"end":{"line":2,"column":70}},"2":{"start":{"line":2,"column":25},"end":{"line":2,"column":70}},"3":{"start":{"line":3,"column":2},"end":{"line":3,"column":9}}},"fnMap":{"0":{"name":"(anonymous_0)","decl":{"start":{"line":1,"column":17},"end":{"line":1,"column":18}},"loc":{"start":{"line":1,"column":42},"end":{"line":4,"column":1}},"line":1}},"branchMap":{"0":{"loc":{"start":{"line":2,"column":2},"end":{"line":2,"column":70}},"type":"if","locations":[{"start":{"line":2,"column":2},"end":{"line":2,"column":70}},{"start":{"line":2,"column":2},"end":{"line":2,"column":70}}],"line":2}},"s":{"0":2,"1":0,"2":0,"3":0},"f":{"0":0},"b":{"0":[0,0]},"_coverageSchema":"43e27e138ebf9cfc5966b082cf9a028302ed4184","hash":"d7f8acf8c449fdbc5245af887749781630a28cc2"}
,"G:\\Projects\\NodeJs\\Vidly\\middleware\\async.js": {"path":"G:\\Projects\\NodeJs\\Vidly\\middleware\\async.js","statementMap":{"0":{"start":{"line":1,"column":0},"end":{"line":9,"column":2}},"1":{"start":{"line":2,"column":2},"end":{"line":8,"column":4}},"2":{"start":{"line":3,"column":4},"end":{"line":7,"column":5}},"3":{"start":{"line":4,"column":6},"end":{"line":4,"column":30}},"4":{"start":{"line":6,"column":6},"end":{"line":6,"column":15}}},"fnMap":{"0":{"name":"(anonymous_0)","decl":{"start":{"line":1,"column":17},"end":{"line":1,"column":18}},"loc":{"start":{"line":1,"column":35},"end":{"line":9,"column":1}},"line":1},"1":{"name":"(anonymous_1)","decl":{"start":{"line":2,"column":9},"end":{"line":2,"column":10}},"loc":{"start":{"line":2,"column":35},"end":{"line":8,"column":3}},"line":2}},"branchMap":{},"s":{"0":2,"1":38,"2":8,"3":8,"4":0},"f":{"0":38,"1":8},"b":{},"_coverageSchema":"43e27e138ebf9cfc5966b082cf9a028302ed4184","hash":"4bf267614af93c62807b7308e4506da4493edba1"}
,"G:\\Projects\\NodeJs\\Vidly\\middleware\\auth.js": {"path":"G:\\Projects\\NodeJs\\Vidly\\middleware\\auth.js","statementMap":{"0":{"start":{"line":1,"column":12},"end":{"line":1,"column":35}},"1":{"start":{"line":2,"column":15},"end":{"line":2,"column":32}},"2":{"start":{"line":4,"column":0},"end":{"line":15,"column":2}},"3":{"start":{"line":5,"column":16},"end":{"line":5,"column":42}},"4":{"start":{"line":6,"column":2},"end":{"line":6,"column":78}},"5":{"start":{"line":6,"column":14},"end":{"line":6,"column":78}},"6":{"start":{"line":8,"column":2},"end":{"line":14,"column":3}},"7":{"start":{"line":9,"column":20},"end":{"line":9,"column":66}},"8":{"start":{"line":10,"column":4},"end":{"line":10,"column":23}},"9":{"start":{"line":11,"column":4},"end":{"line":11,"column":11}},"10":{"start":{"line":13,"column":4},"end":{"line":13,"column":42}}},"fnMap":{"0":{"name":"(anonymous_0)","decl":{"start":{"line":4,"column":17},"end":{"line":4,"column":18}},"loc":{"start":{"line":4,"column":42},"end":{"line":15,"column":1}},"line":4}},"branchMap":{"0":{"loc":{"start":{"line":6,"column":2},"end":{"line":6,"column":78}},"type":"if","locations":[{"start":{"line":6,"column":2},"end":{"line":6,"column":78}},{"start":{"line":6,"column":2},"end":{"line":6,"column":78}}],"line":6}},"s":{"0":2,"1":2,"2":2,"3":8,"4":8,"5":2,"6":6,"7":6,"8":5,"9":5,"10":1},"f":{"0":8},"b":{"0":[2,6]},"_coverageSchema":"43e27e138ebf9cfc5966b082cf9a028302ed4184","hash":"c52cebcb2057a5f65c12b85bb72f017dc3887cd2"}
,"G:\\Projects\\NodeJs\\Vidly\\middleware\\error.js": {"path":"G:\\Projects\\NodeJs\\Vidly\\middleware\\error.js","statementMap":{"0":{"start":{"line":1,"column":16},"end":{"line":1,"column":34}},"1":{"start":{"line":3,"column":0},"end":{"line":6,"column":2}},"2":{"start":{"line":4,"column":2},"end":{"line":4,"column":34}},"3":{"start":{"line":5,"column":2},"end":{"line":5,"column":44}}},"fnMap":{"0":{"name":"(anonymous_0)","decl":{"start":{"line":3,"column":17},"end":{"line":3,"column":18}},"loc":{"start":{"line":3,"column":47},"end":{"line":6,"column":1}},"line":3}},"branchMap":{},"s":{"0":2,"1":2,"2":0,"3":0},"f":{"0":0},"b":{},"_coverageSchema":"43e27e138ebf9cfc5966b082cf9a028302ed4184","hash":"c8c2f4e61b1fca0532e13ba615f8d01c65d578b3"}
,"G:\\Projects\\NodeJs\\Vidly\\middleware\\validateObjectId.js": {"path":"G:\\Projects\\NodeJs\\Vidly\\middleware\\validateObjectId.js","statementMap":{"0":{"start":{"line":1,"column":17},"end":{"line":1,"column":36}},"1":{"start":{"line":3,"column":0},"end":{"line":9,"column":2}},"2":{"start":{"line":4,"column":2},"end":{"line":6,"column":3}},"3":{"start":{"line":5,"column":4},"end":{"line":5,"column":46}},"4":{"start":{"line":8,"column":2},"end":{"line":8,"column":9}}},"fnMap":{"0":{"name":"(anonymous_0)","decl":{"start":{"line":3,"column":17},"end":{"line":3,"column":18}},"loc":{"start":{"line":3,"column":42},"end":{"line":9,"column":1}},"line":3}},"branchMap":{"0":{"loc":{"start":{"line":4,"column":2},"end":{"line":6,"column":3}},"type":"if","locations":[{"start":{"line":4,"column":2},"end":{"line":6,"column":3}},{"start":{"line":4,"column":2},"end":{"line":6,"column":3}}],"line":4}},"s":{"0":2,"1":2,"2":3,"3":1,"4":2},"f":{"0":3},"b":{"0":[1,2]},"_coverageSchema":"43e27e138ebf9cfc5966b082cf9a028302ed4184","hash":"d17241366eb36d33208bfc2cadd645d72015f8a6"}
,"G:\\Projects\\NodeJs\\Vidly\\routes\\customers.js": {"path":"G:\\Projects\\NodeJs\\Vidly\\routes\\customers.js","statementMap":{"0":{"start":{"line":1,"column":16},"end":{"line":1,"column":34}},"1":{"start":{"line":2,"column":15},"end":{"line":2,"column":31}},"2":{"start":{"line":3,"column":31},"end":{"line":3,"column":60}},"3":{"start":{"line":4,"column":13},"end":{"line":4,"column":42}},"4":{"start":{"line":5,"column":14},"end":{"line":5,"column":44}},"5":{"start":{"line":6,"column":24},"end":{"line":6,"column":54}},"6":{"start":{"line":9,"column":0},"end":{"line":21,"column":2}},"7":{"start":{"line":12,"column":4},"end":{"line":19,"column":9}},"8":{"start":{"line":15,"column":8},"end":{"line":17,"column":9}},"9":{"start":{"line":16,"column":10},"end":{"line":16,"column":37}},"10":{"start":{"line":18,"column":8},"end":{"line":18,"column":60}},"11":{"start":{"line":24,"column":0},"end":{"line":35,"column":2}},"12":{"start":{"line":27,"column":4},"end":{"line":33,"column":7}},"13":{"start":{"line":28,"column":6},"end":{"line":30,"column":7}},"14":{"start":{"line":29,"column":8},"end":{"line":29,"column":62}},"15":{"start":{"line":32,"column":6},"end":{"line":32,"column":25}},"16":{"start":{"line":38,"column":0},"end":{"line":62,"column":2}},"17":{"start":{"line":42,"column":22},"end":{"line":42,"column":40}},"18":{"start":{"line":43,"column":4},"end":{"line":45,"column":5}},"19":{"start":{"line":44,"column":6},"end":{"line":44,"column":60}},"20":{"start":{"line":47,"column":4},"end":{"line":60,"column":7}},"21":{"start":{"line":48,"column":6},"end":{"line":50,"column":7}},"22":{"start":{"line":49,"column":8},"end":{"line":49,"column":72}},"23":{"start":{"line":52,"column":26},"end":{"line":55,"column":8}},"24":{"start":{"line":56,"column":6},"end":{"line":59,"column":45}},"25":{"start":{"line":58,"column":26},"end":{"line":58,"column":56}},"26":{"start":{"line":59,"column":22},"end":{"line":59,"column":43}},"27":{"start":{"line":65,"column":0},"end":{"line":86,"column":2}},"28":{"start":{"line":70,"column":22},"end":{"line":70,"column":40}},"29":{"start":{"line":71,"column":4},"end":{"line":73,"column":5}},"30":{"start":{"line":72,"column":6},"end":{"line":72,"column":60}},"31":{"start":{"line":75,"column":4},"end":{"line":84,"column":7}},"32":{"start":{"line":80,"column":6},"end":{"line":82,"column":7}},"33":{"start":{"line":81,"column":8},"end":{"line":81,"column":68}},"34":{"start":{"line":83,"column":6},"end":{"line":83,"column":37}},"35":{"start":{"line":89,"column":0},"end":{"line":101,"column":2}},"36":{"start":{"line":94,"column":4},"end":{"line":99,"column":7}},"37":{"start":{"line":95,"column":6},"end":{"line":97,"column":7}},"38":{"start":{"line":96,"column":8},"end":{"line":96,"column":68}},"39":{"start":{"line":98,"column":6},"end":{"line":98,"column":51}},"40":{"start":{"line":103,"column":0},"end":{"line":103,"column":24}}},"fnMap":{"0":{"name":"(anonymous_0)","decl":{"start":{"line":11,"column":18},"end":{"line":11,"column":19}},"loc":{"start":{"line":11,"column":32},"end":{"line":20,"column":3}},"line":11},"1":{"name":"(anonymous_1)","decl":{"start":{"line":14,"column":12},"end":{"line":14,"column":13}},"loc":{"start":{"line":14,"column":25},"end":{"line":19,"column":7}},"line":14},"2":{"name":"(anonymous_2)","decl":{"start":{"line":26,"column":18},"end":{"line":26,"column":19}},"loc":{"start":{"line":26,"column":32},"end":{"line":34,"column":3}},"line":26},"3":{"name":"(anonymous_3)","decl":{"start":{"line":27,"column":42},"end":{"line":27,"column":43}},"loc":{"start":{"line":27,"column":54},"end":{"line":33,"column":5}},"line":27},"4":{"name":"(anonymous_4)","decl":{"start":{"line":41,"column":18},"end":{"line":41,"column":19}},"loc":{"start":{"line":41,"column":32},"end":{"line":61,"column":3}},"line":41},"5":{"name":"(anonymous_5)","decl":{"start":{"line":47,"column":51},"end":{"line":47,"column":52}},"loc":{"start":{"line":47,"column":63},"end":{"line":60,"column":5}},"line":47},"6":{"name":"(anonymous_6)","decl":{"start":{"line":58,"column":14},"end":{"line":58,"column":15}},"loc":{"start":{"line":58,"column":26},"end":{"line":58,"column":56}},"line":58},"7":{"name":"(anonymous_7)","decl":{"start":{"line":59,"column":15},"end":{"line":59,"column":16}},"loc":{"start":{"line":59,"column":22},"end":{"line":59,"column":43}},"line":59},"8":{"name":"(anonymous_8)","decl":{"start":{"line":69,"column":18},"end":{"line":69,"column":19}},"loc":{"start":{"line":69,"column":32},"end":{"line":85,"column":3}},"line":69},"9":{"name":"(anonymous_9)","decl":{"start":{"line":79,"column":11},"end":{"line":79,"column":12}},"loc":{"start":{"line":79,"column":23},"end":{"line":84,"column":5}},"line":79},"10":{"name":"(anonymous_10)","decl":{"start":{"line":93,"column":18},"end":{"line":93,"column":19}},"loc":{"start":{"line":93,"column":32},"end":{"line":100,"column":3}},"line":93},"11":{"name":"(anonymous_11)","decl":{"start":{"line":94,"column":51},"end":{"line":94,"column":52}},"loc":{"start":{"line":94,"column":63},"end":{"line":99,"column":5}},"line":94}},"branchMap":{"0":{"loc":{"start":{"line":15,"column":8},"end":{"line":17,"column":9}},"type":"if","locations":[{"start":{"line":15,"column":8},"end":{"line":17,"column":9}},{"start":{"line":15,"column":8},"end":{"line":17,"column":9}}],"line":15},"1":{"loc":{"start":{"line":28,"column":6},"end":{"line":30,"column":7}},"type":"if","locations":[{"start":{"line":28,"column":6},"end":{"line":30,"column":7}},{"start":{"line":28,"column":6},"end":{"line":30,"column":7}}],"line":28},"2":{"loc":{"start":{"line":43,"column":4},"end":{"line":45,"column":5}},"type":"if","locations":[{"start":{"line":43,"column":4},"end":{"line":45,"column":5}},{"start":{"line":43,"column":4},"end":{"line":45,"column":5}}],"line":43},"3":{"loc":{"start":{"line":48,"column":6},"end":{"line":50,"column":7}},"type":"if","locations":[{"start":{"line":48,"column":6},"end":{"line":50,"column":7}},{"start":{"line":48,"column":6},"end":{"line":50,"column":7}}],"line":48},"4":{"loc":{"start":{"line":71,"column":4},"end":{"line":73,"column":5}},"type":"if","locations":[{"start":{"line":71,"column":4},"end":{"line":73,"column":5}},{"start":{"line":71,"column":4},"end":{"line":73,"column":5}}],"line":71},"5":{"loc":{"start":{"line":80,"column":6},"end":{"line":82,"column":7}},"type":"if","locations":[{"start":{"line":80,"column":6},"end":{"line":82,"column":7}},{"start":{"line":80,"column":6},"end":{"line":82,"column":7}}],"line":80},"6":{"loc":{"start":{"line":95,"column":6},"end":{"line":97,"column":7}},"type":"if","locations":[{"start":{"line":95,"column":6},"end":{"line":97,"column":7}},{"start":{"line":95,"column":6},"end":{"line":97,"column":7}}],"line":95}},"s":{"0":2,"1":2,"2":2,"3":2,"4":2,"5":2,"6":2,"7":0,"8":0,"9":0,"10":0,"11":2,"12":0,"13":0,"14":0,"15":0,"16":2,"17":0,"18":0,"19":0,"20":0,"21":0,"22":0,"23":0,"24":0,"25":0,"26":0,"27":2,"28":0,"29":0,"30":0,"31":0,"32":0,"33":0,"34":0,"35":2,"36":0,"37":0,"38":0,"39":0,"40":2},"f":{"0":0,"1":0,"2":0,"3":0,"4":0,"5":0,"6":0,"7":0,"8":0,"9":0,"10":0,"11":0},"b":{"0":[0,0],"1":[0,0],"2":[0,0],"3":[0,0],"4":[0,0],"5":[0,0],"6":[0,0]},"_coverageSchema":"43e27e138ebf9cfc5966b082cf9a028302ed4184","hash":"b8fa92a5aff4ca5e4b11c10eb659c043dff09c7d"}
,"G:\\Projects\\NodeJs\\Vidly\\routes\\genres.js": {"path":"G:\\Projects\\NodeJs\\Vidly\\routes\\genres.js","statementMap":{"0":{"start":{"line":1,"column":16},"end":{"line":1,"column":34}},"1":{"start":{"line":2,"column":15},"end":{"line":2,"column":31}},"2":{"start":{"line":3,"column":28},"end":{"line":3,"column":54}},"3":{"start":{"line":4,"column":13},"end":{"line":4,"column":42}},"4":{"start":{"line":5,"column":14},"end":{"line":5,"column":44}},"5":{"start":{"line":6,"column":24},"end":{"line":6,"column":54}},"6":{"start":{"line":7,"column":25},"end":{"line":7,"column":66}},"7":{"start":{"line":10,"column":0},"end":{"line":22,"column":2}},"8":{"start":{"line":13,"column":4},"end":{"line":20,"column":9}},"9":{"start":{"line":16,"column":8},"end":{"line":18,"column":9}},"10":{"start":{"line":17,"column":10},"end":{"line":17,"column":34}},"11":{"start":{"line":19,"column":8},"end":{"line":19,"column":57}},"12":{"start":{"line":24,"column":0},"end":{"line":36,"column":2}},"13":{"start":{"line":28,"column":4},"end":{"line":34,"column":7}},"14":{"start":{"line":29,"column":6},"end":{"line":31,"column":7}},"15":{"start":{"line":30,"column":8},"end":{"line":30,"column":59}},"16":{"start":{"line":33,"column":6},"end":{"line":33,"column":22}},"17":{"start":{"line":39,"column":0},"end":{"line":59,"column":2}},"18":{"start":{"line":43,"column":22},"end":{"line":43,"column":40}},"19":{"start":{"line":44,"column":4},"end":{"line":46,"column":5}},"20":{"start":{"line":45,"column":6},"end":{"line":45,"column":60}},"21":{"start":{"line":48,"column":4},"end":{"line":57,"column":7}},"22":{"start":{"line":49,"column":6},"end":{"line":51,"column":7}},"23":{"start":{"line":50,"column":8},"end":{"line":50,"column":69}},"24":{"start":{"line":53,"column":23},"end":{"line":55,"column":8}},"25":{"start":{"line":56,"column":6},"end":{"line":56,"column":65}},"26":{"start":{"line":56,"column":36},"end":{"line":56,"column":63}},"27":{"start":{"line":62,"column":0},"end":{"line":84,"column":2}},"28":{"start":{"line":68,"column":22},"end":{"line":68,"column":40}},"29":{"start":{"line":69,"column":4},"end":{"line":71,"column":5}},"30":{"start":{"line":70,"column":6},"end":{"line":70,"column":60}},"31":{"start":{"line":73,"column":4},"end":{"line":82,"column":7}},"32":{"start":{"line":78,"column":6},"end":{"line":80,"column":7}},"33":{"start":{"line":79,"column":8},"end":{"line":79,"column":65}},"34":{"start":{"line":81,"column":6},"end":{"line":81,"column":34}},"35":{"start":{"line":87,"column":0},"end":{"line":100,"column":2}},"36":{"start":{"line":93,"column":4},"end":{"line":98,"column":7}},"37":{"start":{"line":94,"column":6},"end":{"line":96,"column":7}},"38":{"start":{"line":95,"column":8},"end":{"line":95,"column":65}},"39":{"start":{"line":97,"column":6},"end":{"line":97,"column":48}},"40":{"start":{"line":102,"column":0},"end":{"line":102,"column":24}}},"fnMap":{"0":{"name":"(anonymous_0)","decl":{"start":{"line":12,"column":18},"end":{"line":12,"column":19}},"loc":{"start":{"line":12,"column":32},"end":{"line":21,"column":3}},"line":12},"1":{"name":"(anonymous_1)","decl":{"start":{"line":15,"column":12},"end":{"line":15,"column":13}},"loc":{"start":{"line":15,"column":22},"end":{"line":20,"column":7}},"line":15},"2":{"name":"(anonymous_2)","decl":{"start":{"line":27,"column":18},"end":{"line":27,"column":19}},"loc":{"start":{"line":27,"column":32},"end":{"line":35,"column":3}},"line":27},"3":{"name":"(anonymous_3)","decl":{"start":{"line":28,"column":39},"end":{"line":28,"column":40}},"loc":{"start":{"line":28,"column":48},"end":{"line":34,"column":5}},"line":28},"4":{"name":"(anonymous_4)","decl":{"start":{"line":42,"column":18},"end":{"line":42,"column":19}},"loc":{"start":{"line":42,"column":32},"end":{"line":58,"column":3}},"line":42},"5":{"name":"(anonymous_5)","decl":{"start":{"line":48,"column":48},"end":{"line":48,"column":49}},"loc":{"start":{"line":48,"column":57},"end":{"line":57,"column":5}},"line":48},"6":{"name":"(anonymous_6)","decl":{"start":{"line":56,"column":27},"end":{"line":56,"column":28}},"loc":{"start":{"line":56,"column":36},"end":{"line":56,"column":63}},"line":56},"7":{"name":"(anonymous_7)","decl":{"start":{"line":67,"column":18},"end":{"line":67,"column":19}},"loc":{"start":{"line":67,"column":32},"end":{"line":83,"column":3}},"line":67},"8":{"name":"(anonymous_8)","decl":{"start":{"line":77,"column":11},"end":{"line":77,"column":12}},"loc":{"start":{"line":77,"column":20},"end":{"line":82,"column":5}},"line":77},"9":{"name":"(anonymous_9)","decl":{"start":{"line":92,"column":18},"end":{"line":92,"column":19}},"loc":{"start":{"line":92,"column":32},"end":{"line":99,"column":3}},"line":92},"10":{"name":"(anonymous_10)","decl":{"start":{"line":93,"column":48},"end":{"line":93,"column":49}},"loc":{"start":{"line":93,"column":57},"end":{"line":98,"column":5}},"line":93}},"branchMap":{"0":{"loc":{"start":{"line":16,"column":8},"end":{"line":18,"column":9}},"type":"if","locations":[{"start":{"line":16,"column":8},"end":{"line":18,"column":9}},{"start":{"line":16,"column":8},"end":{"line":18,"column":9}}],"line":16},"1":{"loc":{"start":{"line":29,"column":6},"end":{"line":31,"column":7}},"type":"if","locations":[{"start":{"line":29,"column":6},"end":{"line":31,"column":7}},{"start":{"line":29,"column":6},"end":{"line":31,"column":7}}],"line":29},"2":{"loc":{"start":{"line":44,"column":4},"end":{"line":46,"column":5}},"type":"if","locations":[{"start":{"line":44,"column":4},"end":{"line":46,"column":5}},{"start":{"line":44,"column":4},"end":{"line":46,"column":5}}],"line":44},"3":{"loc":{"start":{"line":49,"column":6},"end":{"line":51,"column":7}},"type":"if","locations":[{"start":{"line":49,"column":6},"end":{"line":51,"column":7}},{"start":{"line":49,"column":6},"end":{"line":51,"column":7}}],"line":49},"4":{"loc":{"start":{"line":69,"column":4},"end":{"line":71,"column":5}},"type":"if","locations":[{"start":{"line":69,"column":4},"end":{"line":71,"column":5}},{"start":{"line":69,"column":4},"end":{"line":71,"column":5}}],"line":69},"5":{"loc":{"start":{"line":78,"column":6},"end":{"line":80,"column":7}},"type":"if","locations":[{"start":{"line":78,"column":6},"end":{"line":80,"column":7}},{"start":{"line":78,"column":6},"end":{"line":80,"column":7}}],"line":78},"6":{"loc":{"start":{"line":94,"column":6},"end":{"line":96,"column":7}},"type":"if","locations":[{"start":{"line":94,"column":6},"end":{"line":96,"column":7}},{"start":{"line":94,"column":6},"end":{"line":96,"column":7}}],"line":94}},"s":{"0":2,"1":2,"2":2,"3":2,"4":2,"5":2,"6":2,"7":2,"8":1,"9":1,"10":1,"11":0,"12":2,"13":2,"14":2,"15":2,"16":0,"17":2,"18":5,"19":5,"20":2,"21":3,"22":3,"23":0,"24":3,"25":3,"26":3,"27":2,"28":0,"29":0,"30":0,"31":0,"32":0,"33":0,"34":0,"35":2,"36":0,"37":0,"38":0,"39":0,"40":2},"f":{"0":1,"1":1,"2":2,"3":2,"4":5,"5":3,"6":3,"7":0,"8":0,"9":0,"10":0},"b":{"0":[1,0],"1":[2,0],"2":[2,3],"3":[0,3],"4":[0,0],"5":[0,0],"6":[0,0]},"_coverageSchema":"43e27e138ebf9cfc5966b082cf9a028302ed4184","hash":"5b1100bbe1c7f3041e4a7e744e2f34ebc5c8f4b3"}
,"G:\\Projects\\NodeJs\\Vidly\\routes\\movies.js": {"path":"G:\\Projects\\NodeJs\\Vidly\\routes\\movies.js","statementMap":{"0":{"start":{"line":1,"column":16},"end":{"line":1,"column":34}},"1":{"start":{"line":2,"column":15},"end":{"line":2,"column":31}},"2":{"start":{"line":3,"column":28},"end":{"line":3,"column":54}},"3":{"start":{"line":4,"column":18},"end":{"line":4,"column":44}},"4":{"start":{"line":5,"column":13},"end":{"line":5,"column":42}},"5":{"start":{"line":6,"column":14},"end":{"line":6,"column":44}},"6":{"start":{"line":7,"column":24},"end":{"line":7,"column":54}},"7":{"start":{"line":10,"column":0},"end":{"line":21,"column":2}},"8":{"start":{"line":13,"column":4},"end":{"line":19,"column":7}},"9":{"start":{"line":14,"column":6},"end":{"line":16,"column":7}},"10":{"start":{"line":15,"column":8},"end":{"line":15,"column":71}},"11":{"start":{"line":18,"column":6},"end":{"line":18,"column":23}},"12":{"start":{"line":24,"column":0},"end":{"line":37,"column":2}},"13":{"start":{"line":27,"column":4},"end":{"line":35,"column":7}},"14":{"start":{"line":28,"column":6},"end":{"line":32,"column":7}},"15":{"start":{"line":29,"column":8},"end":{"line":31,"column":62}},"16":{"start":{"line":34,"column":6},"end":{"line":34,"column":22}},"17":{"start":{"line":40,"column":0},"end":{"line":70,"column":2}},"18":{"start":{"line":44,"column":22},"end":{"line":44,"column":40}},"19":{"start":{"line":45,"column":4},"end":{"line":47,"column":5}},"20":{"start":{"line":46,"column":6},"end":{"line":46,"column":73}},"21":{"start":{"line":49,"column":4},"end":{"line":68,"column":7}},"22":{"start":{"line":50,"column":6},"end":{"line":52,"column":7}},"23":{"start":{"line":51,"column":8},"end":{"line":51,"column":78}},"24":{"start":{"line":54,"column":23},"end":{"line":62,"column":8}},"25":{"start":{"line":64,"column":6},"end":{"line":67,"column":73}},"26":{"start":{"line":66,"column":23},"end":{"line":66,"column":38}},"27":{"start":{"line":67,"column":22},"end":{"line":67,"column":71}},"28":{"start":{"line":73,"column":0},"end":{"line":95,"column":2}},"29":{"start":{"line":78,"column":4},"end":{"line":93,"column":7}},"30":{"start":{"line":89,"column":6},"end":{"line":91,"column":7}},"31":{"start":{"line":90,"column":8},"end":{"line":90,"column":65}},"32":{"start":{"line":92,"column":6},"end":{"line":92,"column":34}},"33":{"start":{"line":98,"column":0},"end":{"line":110,"column":2}},"34":{"start":{"line":103,"column":4},"end":{"line":108,"column":7}},"35":{"start":{"line":104,"column":6},"end":{"line":106,"column":7}},"36":{"start":{"line":105,"column":8},"end":{"line":105,"column":65}},"37":{"start":{"line":107,"column":6},"end":{"line":107,"column":48}},"38":{"start":{"line":112,"column":0},"end":{"line":112,"column":24}}},"fnMap":{"0":{"name":"(anonymous_0)","decl":{"start":{"line":12,"column":18},"end":{"line":12,"column":19}},"loc":{"start":{"line":12,"column":32},"end":{"line":20,"column":3}},"line":12},"1":{"name":"(anonymous_1)","decl":{"start":{"line":13,"column":22},"end":{"line":13,"column":23}},"loc":{"start":{"line":13,"column":32},"end":{"line":19,"column":5}},"line":13},"2":{"name":"(anonymous_2)","decl":{"start":{"line":26,"column":18},"end":{"line":26,"column":19}},"loc":{"start":{"line":26,"column":32},"end":{"line":36,"column":3}},"line":26},"3":{"name":"(anonymous_3)","decl":{"start":{"line":27,"column":39},"end":{"line":27,"column":40}},"loc":{"start":{"line":27,"column":48},"end":{"line":35,"column":5}},"line":27},"4":{"name":"(anonymous_4)","decl":{"start":{"line":43,"column":18},"end":{"line":43,"column":19}},"loc":{"start":{"line":43,"column":32},"end":{"line":69,"column":3}},"line":43},"5":{"name":"(anonymous_5)","decl":{"start":{"line":49,"column":42},"end":{"line":49,"column":43}},"loc":{"start":{"line":49,"column":51},"end":{"line":68,"column":5}},"line":49},"6":{"name":"(anonymous_6)","decl":{"start":{"line":66,"column":14},"end":{"line":66,"column":15}},"loc":{"start":{"line":66,"column":23},"end":{"line":66,"column":38}},"line":66},"7":{"name":"(anonymous_7)","decl":{"start":{"line":67,"column":15},"end":{"line":67,"column":16}},"loc":{"start":{"line":67,"column":22},"end":{"line":67,"column":71}},"line":67},"8":{"name":"(anonymous_8)","decl":{"start":{"line":77,"column":18},"end":{"line":77,"column":19}},"loc":{"start":{"line":77,"column":32},"end":{"line":94,"column":3}},"line":77},"9":{"name":"(anonymous_9)","decl":{"start":{"line":88,"column":11},"end":{"line":88,"column":12}},"loc":{"start":{"line":88,"column":20},"end":{"line":93,"column":5}},"line":88},"10":{"name":"(anonymous_10)","decl":{"start":{"line":102,"column":18},"end":{"line":102,"column":19}},"loc":{"start":{"line":102,"column":32},"end":{"line":109,"column":3}},"line":102},"11":{"name":"(anonymous_11)","decl":{"start":{"line":103,"column":48},"end":{"line":103,"column":49}},"loc":{"start":{"line":103,"column":57},"end":{"line":108,"column":5}},"line":103}},"branchMap":{"0":{"loc":{"start":{"line":14,"column":6},"end":{"line":16,"column":7}},"type":"if","locations":[{"start":{"line":14,"column":6},"end":{"line":16,"column":7}},{"start":{"line":14,"column":6},"end":{"line":16,"column":7}}],"line":14},"1":{"loc":{"start":{"line":28,"column":6},"end":{"line":32,"column":7}},"type":"if","locations":[{"start":{"line":28,"column":6},"end":{"line":32,"column":7}},{"start":{"line":28,"column":6},"end":{"line":32,"column":7}}],"line":28},"2":{"loc":{"start":{"line":45,"column":4},"end":{"line":47,"column":5}},"type":"if","locations":[{"start":{"line":45,"column":4},"end":{"line":47,"column":5}},{"start":{"line":45,"column":4},"end":{"line":47,"column":5}}],"line":45},"3":{"loc":{"start":{"line":50,"column":6},"end":{"line":52,"column":7}},"type":"if","locations":[{"start":{"line":50,"column":6},"end":{"line":52,"column":7}},{"start":{"line":50,"column":6},"end":{"line":52,"column":7}}],"line":50},"4":{"loc":{"start":{"line":89,"column":6},"end":{"line":91,"column":7}},"type":"if","locations":[{"start":{"line":89,"column":6},"end":{"line":91,"column":7}},{"start":{"line":89,"column":6},"end":{"line":91,"column":7}}],"line":89},"5":{"loc":{"start":{"line":104,"column":6},"end":{"line":106,"column":7}},"type":"if","locations":[{"start":{"line":104,"column":6},"end":{"line":106,"column":7}},{"start":{"line":104,"column":6},"end":{"line":106,"column":7}}],"line":104}},"s":{"0":2,"1":2,"2":2,"3":2,"4":2,"5":2,"6":2,"7":2,"8":0,"9":0,"10":0,"11":0,"12":2,"13":0,"14":0,"15":0,"16":0,"17":2,"18":0,"19":0,"20":0,"21":0,"22":0,"23":0,"24":0,"25":0,"26":0,"27":0,"28":2,"29":0,"30":0,"31":0,"32":0,"33":2,"34":0,"35":0,"36":0,"37":0,"38":2},"f":{"0":0,"1":0,"2":0,"3":0,"4":0,"5":0,"6":0,"7":0,"8":0,"9":0,"10":0,"11":0},"b":{"0":[0,0],"1":[0,0],"2":[0,0],"3":[0,0],"4":[0,0],"5":[0,0]},"_coverageSchema":"43e27e138ebf9cfc5966b082cf9a028302ed4184","hash":"004f3b53ab4b3d3a5ec0c4d6d7ba8f6d7c2f6c62"}
,"G:\\Projects\\NodeJs\\Vidly\\routes\\rentals.js": {"path":"G:\\Projects\\NodeJs\\Vidly\\routes\\rentals.js","statementMap":{"0":{"start":{"line":1,"column":16},"end":{"line":1,"column":34}},"1":{"start":{"line":2,"column":13},"end":{"line":2,"column":28}},"2":{"start":{"line":3,"column":15},"end":{"line":3,"column":31}},"3":{"start":{"line":4,"column":29},"end":{"line":4,"column":56}},"4":{"start":{"line":5,"column":21},"end":{"line":5,"column":50}},"5":{"start":{"line":6,"column":18},"end":{"line":6,"column":44}},"6":{"start":{"line":7,"column":13},"end":{"line":7,"column":42}},"7":{"start":{"line":8,"column":24},"end":{"line":8,"column":54}},"8":{"start":{"line":11,"column":0},"end":{"line":52,"column":2}},"9":{"start":{"line":15,"column":22},"end":{"line":15,"column":40}},"10":{"start":{"line":16,"column":4},"end":{"line":18,"column":5}},"11":{"start":{"line":17,"column":6},"end":{"line":17,"column":73}},"12":{"start":{"line":19,"column":22},"end":{"line":19,"column":66}},"13":{"start":{"line":20,"column":4},"end":{"line":22,"column":5}},"14":{"start":{"line":21,"column":6},"end":{"line":21,"column":66}},"15":{"start":{"line":23,"column":18},"end":{"line":23,"column":56}},"16":{"start":{"line":24,"column":4},"end":{"line":26,"column":5}},"17":{"start":{"line":25,"column":6},"end":{"line":25,"column":63}},"18":{"start":{"line":28,"column":4},"end":{"line":30,"column":5}},"19":{"start":{"line":29,"column":6},"end":{"line":29,"column":60}},"20":{"start":{"line":32,"column":20},"end":{"line":44,"column":6}},"21":{"start":{"line":46,"column":4},"end":{"line":48,"column":77}},"22":{"start":{"line":50,"column":4},"end":{"line":50,"column":33}},"23":{"start":{"line":54,"column":0},"end":{"line":66,"column":2}},"24":{"start":{"line":57,"column":19},"end":{"line":57,"column":55}},"25":{"start":{"line":59,"column":4},"end":{"line":62,"column":61}},"26":{"start":{"line":60,"column":6},"end":{"line":62,"column":61}},"27":{"start":{"line":64,"column":4},"end":{"line":64,"column":21}},"28":{"start":{"line":68,"column":0},"end":{"line":68,"column":24}}},"fnMap":{"0":{"name":"(anonymous_0)","decl":{"start":{"line":14,"column":18},"end":{"line":14,"column":19}},"loc":{"start":{"line":14,"column":38},"end":{"line":51,"column":3}},"line":14},"1":{"name":"(anonymous_1)","decl":{"start":{"line":56,"column":18},"end":{"line":56,"column":19}},"loc":{"start":{"line":56,"column":38},"end":{"line":65,"column":3}},"line":56}},"branchMap":{"0":{"loc":{"start":{"line":16,"column":4},"end":{"line":18,"column":5}},"type":"if","locations":[{"start":{"line":16,"column":4},"end":{"line":18,"column":5}},{"start":{"line":16,"column":4},"end":{"line":18,"column":5}}],"line":16},"1":{"loc":{"start":{"line":20,"column":4},"end":{"line":22,"column":5}},"type":"if","locations":[{"start":{"line":20,"column":4},"end":{"line":22,"column":5}},{"start":{"line":20,"column":4},"end":{"line":22,"column":5}}],"line":20},"2":{"loc":{"start":{"line":24,"column":4},"end":{"line":26,"column":5}},"type":"if","locations":[{"start":{"line":24,"column":4},"end":{"line":26,"column":5}},{"start":{"line":24,"column":4},"end":{"line":26,"column":5}}],"line":24},"3":{"loc":{"start":{"line":28,"column":4},"end":{"line":30,"column":5}},"type":"if","locations":[{"start":{"line":28,"column":4},"end":{"line":30,"column":5}},{"start":{"line":28,"column":4},"end":{"line":30,"column":5}}],"line":28},"4":{"loc":{"start":{"line":59,"column":4},"end":{"line":62,"column":61}},"type":"if","locations":[{"start":{"line":59,"column":4},"end":{"line":62,"column":61}},{"start":{"line":59,"column":4},"end":{"line":62,"column":61}}],"line":59}},"s":{"0":2,"1":2,"2":2,"3":2,"4":2,"5":2,"6":2,"7":2,"8":2,"9":0,"10":0,"11":0,"12":0,"13":0,"14":0,"15":0,"16":0,"17":0,"18":0,"19":0,"20":0,"21":0,"22":0,"23":2,"24":0,"25":0,"26":0,"27":0,"28":2},"f":{"0":0,"1":0},"b":{"0":[0,0],"1":[0,0],"2":[0,0],"3":[0,0],"4":[0,0]},"_coverageSchema":"43e27e138ebf9cfc5966b082cf9a028302ed4184","hash":"9864490238ae8306827d09277916c885545da5c8"}
,"G:\\Projects\\NodeJs\\Vidly\\routes\\users.js": {"path":"G:\\Projects\\NodeJs\\Vidly\\routes\\users.js","statementMap":{"0":{"start":{"line":1,"column":10},"end":{"line":1,"column":27}},"1":{"start":{"line":2,"column":15},"end":{"line":2,"column":32}},"2":{"start":{"line":3,"column":16},"end":{"line":3,"column":34}},"3":{"start":{"line":4,"column":15},"end":{"line":4,"column":31}},"4":{"start":{"line":5,"column":27},"end":{"line":5,"column":52}},"5":{"start":{"line":6,"column":13},"end":{"line":6,"column":42}},"6":{"start":{"line":7,"column":24},"end":{"line":7,"column":54}},"7":{"start":{"line":10,"column":0},"end":{"line":36,"column":2}},"8":{"start":{"line":13,"column":22},"end":{"line":13,"column":52}},"9":{"start":{"line":14,"column":4},"end":{"line":16,"column":5}},"10":{"start":{"line":15,"column":6},"end":{"line":15,"column":73}},"11":{"start":{"line":18,"column":15},"end":{"line":18,"column":58}},"12":{"start":{"line":19,"column":4},"end":{"line":21,"column":5}},"13":{"start":{"line":20,"column":6},"end":{"line":20,"column":75}},"14":{"start":{"line":23,"column":20},"end":{"line":23,"column":77}},"15":{"start":{"line":25,"column":17},"end":{"line":25,"column":41}},"16":{"start":{"line":26,"column":19},"end":{"line":26,"column":60}},"17":{"start":{"line":27,"column":4},"end":{"line":27,"column":30}},"18":{"start":{"line":29,"column":4},"end":{"line":29,"column":32}},"19":{"start":{"line":30,"column":18},"end":{"line":30,"column":42}},"20":{"start":{"line":31,"column":4},"end":{"line":34,"column":52}},"21":{"start":{"line":39,"column":0},"end":{"line":63,"column":2}},"22":{"start":{"line":42,"column":22},"end":{"line":42,"column":49}},"23":{"start":{"line":43,"column":4},"end":{"line":47,"column":5}},"24":{"start":{"line":44,"column":6},"end":{"line":46,"column":62}},"25":{"start":{"line":49,"column":15},"end":{"line":49,"column":60}},"26":{"start":{"line":50,"column":4},"end":{"line":50,"column":61}},"27":{"start":{"line":50,"column":15},"end":{"line":50,"column":61}},"28":{"start":{"line":52,"column":19},"end":{"line":52,"column":73}},"29":{"start":{"line":53,"column":4},"end":{"line":61,"column":5}},"30":{"start":{"line":54,"column":20},"end":{"line":54,"column":44}},"31":{"start":{"line":55,"column":6},"end":{"line":58,"column":47}},"32":{"start":{"line":60,"column":6},"end":{"line":60,"column":74}},"33":{"start":{"line":66,"column":0},"end":{"line":69,"column":3}},"34":{"start":{"line":67,"column":15},"end":{"line":67,"column":68}},"35":{"start":{"line":68,"column":2},"end":{"line":68,"column":17}},"36":{"start":{"line":71,"column":0},"end":{"line":71,"column":24}}},"fnMap":{"0":{"name":"(anonymous_0)","decl":{"start":{"line":12,"column":18},"end":{"line":12,"column":19}},"loc":{"start":{"line":12,"column":38},"end":{"line":35,"column":3}},"line":12},"1":{"name":"(anonymous_1)","decl":{"start":{"line":41,"column":18},"end":{"line":41,"column":19}},"loc":{"start":{"line":41,"column":38},"end":{"line":62,"column":3}},"line":41},"2":{"name":"(anonymous_2)","decl":{"start":{"line":66,"column":24},"end":{"line":66,"column":25}},"loc":{"start":{"line":66,"column":44},"end":{"line":69,"column":1}},"line":66}},"branchMap":{"0":{"loc":{"start":{"line":14,"column":4},"end":{"line":16,"column":5}},"type":"if","locations":[{"start":{"line":14,"column":4},"end":{"line":16,"column":5}},{"start":{"line":14,"column":4},"end":{"line":16,"column":5}}],"line":14},"1":{"loc":{"start":{"line":19,"column":4},"end":{"line":21,"column":5}},"type":"if","locations":[{"start":{"line":19,"column":4},"end":{"line":21,"column":5}},{"start":{"line":19,"column":4},"end":{"line":21,"column":5}}],"line":19},"2":{"loc":{"start":{"line":43,"column":4},"end":{"line":47,"column":5}},"type":"if","locations":[{"start":{"line":43,"column":4},"end":{"line":47,"column":5}},{"start":{"line":43,"column":4},"end":{"line":47,"column":5}}],"line":43},"3":{"loc":{"start":{"line":50,"column":4},"end":{"line":50,"column":61}},"type":"if","locations":[{"start":{"line":50,"column":4},"end":{"line":50,"column":61}},{"start":{"line":50,"column":4},"end":{"line":50,"column":61}}],"line":50},"4":{"loc":{"start":{"line":53,"column":4},"end":{"line":61,"column":5}},"type":"if","locations":[{"start":{"line":53,"column":4},"end":{"line":61,"column":5}},{"start":{"line":53,"column":4},"end":{"line":61,"column":5}}],"line":53}},"s":{"0":2,"1":2,"2":2,"3":2,"4":2,"5":2,"6":2,"7":2,"8":0,"9":0,"10":0,"11":0,"12":0,"13":0,"14":0,"15":0,"16":0,"17":0,"18":0,"19":0,"20":0,"21":2,"22":0,"23":0,"24":0,"25":0,"26":0,"27":0,"28":0,"29":0,"30":0,"31":0,"32":0,"33":2,"34":0,"35":0,"36":2},"f":{"0":0,"1":0,"2":0},"b":{"0":[0,0],"1":[0,0],"2":[0,0],"3":[0,0],"4":[0,0]},"_coverageSchema":"43e27e138ebf9cfc5966b082cf9a028302ed4184","hash":"e8832fcd677494bdc5ad4b651b2047da27789f06"}
,"G:\\Projects\\NodeJs\\Vidly\\startup\\config.js": {"path":"G:\\Projects\\NodeJs\\Vidly\\startup\\config.js","statementMap":{"0":{"start":{"line":1,"column":15},"end":{"line":1,"column":32}},"1":{"start":{"line":3,"column":0},"end":{"line":7,"column":2}},"2":{"start":{"line":4,"column":2},"end":{"line":6,"column":3}},"3":{"start":{"line":5,"column":4},"end":{"line":5,"column":65}}},"fnMap":{"0":{"name":"(anonymous_0)","decl":{"start":{"line":3,"column":17},"end":{"line":3,"column":18}},"loc":{"start":{"line":3,"column":28},"end":{"line":7,"column":1}},"line":3}},"branchMap":{"0":{"loc":{"start":{"line":4,"column":2},"end":{"line":6,"column":3}},"type":"if","locations":[{"start":{"line":4,"column":2},"end":{"line":6,"column":3}},{"start":{"line":4,"column":2},"end":{"line":6,"column":3}}],"line":4}},"s":{"0":2,"1":2,"2":2,"3":0},"f":{"0":2},"b":{"0":[0,2]},"_coverageSchema":"43e27e138ebf9cfc5966b082cf9a028302ed4184","hash":"e0b418c1fc05b25bb4ebfd127dc9cc4ac40bacd0"}
,"G:\\Projects\\NodeJs\\Vidly\\startup\\db.js": {"path":"G:\\Projects\\NodeJs\\Vidly\\startup\\db.js","statementMap":{"0":{"start":{"line":1,"column":16},"end":{"line":1,"column":34}},"1":{"start":{"line":2,"column":17},"end":{"line":2,"column":36}},"2":{"start":{"line":3,"column":15},"end":{"line":3,"column":32}},"3":{"start":{"line":5,"column":0},"end":{"line":10,"column":2}},"4":{"start":{"line":6,"column":13},"end":{"line":6,"column":29}},"5":{"start":{"line":7,"column":2},"end":{"line":9,"column":52}},"6":{"start":{"line":9,"column":16},"end":{"line":9,"column":50}}},"fnMap":{"0":{"name":"(anonymous_0)","decl":{"start":{"line":5,"column":17},"end":{"line":5,"column":18}},"loc":{"start":{"line":5,"column":28},"end":{"line":10,"column":1}},"line":5},"1":{"name":"(anonymous_1)","decl":{"start":{"line":9,"column":10},"end":{"line":9,"column":11}},"loc":{"start":{"line":9,"column":16},"end":{"line":9,"column":50}},"line":9}},"branchMap":{},"s":{"0":2,"1":2,"2":2,"3":2,"4":2,"5":2,"6":2},"f":{"0":2,"1":2},"b":{},"_coverageSchema":"43e27e138ebf9cfc5966b082cf9a028302ed4184","hash":"2c4a974a59561d437c95e765ca3be4d43e768e28"}
,"G:\\Projects\\NodeJs\\Vidly\\startup\\logging.js": {"path":"G:\\Projects\\NodeJs\\Vidly\\startup\\logging.js","statementMap":{"0":{"start":{"line":1,"column":16},"end":{"line":1,"column":34}},"1":{"start":{"line":2,"column":0},"end":{"line":2,"column":27}},"2":{"start":{"line":4,"column":0},"end":{"line":22,"column":2}},"3":{"start":{"line":5,"column":2},"end":{"line":8,"column":4}},"4":{"start":{"line":10,"column":2},"end":{"line":12,"column":5}},"5":{"start":{"line":11,"column":4},"end":{"line":11,"column":13}},"6":{"start":{"line":14,"column":2},"end":{"line":17,"column":5}},"7":{"start":{"line":18,"column":2},"end":{"line":21,"column":5}}},"fnMap":{"0":{"name":"(anonymous_0)","decl":{"start":{"line":4,"column":17},"end":{"line":4,"column":18}},"loc":{"start":{"line":4,"column":28},"end":{"line":22,"column":1}},"line":4},"1":{"name":"(anonymous_1)","decl":{"start":{"line":10,"column":35},"end":{"line":10,"column":36}},"loc":{"start":{"line":10,"column":41},"end":{"line":12,"column":3}},"line":10}},"branchMap":{},"s":{"0":2,"1":2,"2":2,"3":2,"4":2,"5":0,"6":2,"7":2},"f":{"0":2,"1":0},"b":{},"_coverageSchema":"43e27e138ebf9cfc5966b082cf9a028302ed4184","hash":"2ef915f091a76a0e1dd412eb6c65b5e1b10eb19f"}
,"G:\\Projects\\NodeJs\\Vidly\\startup\\routes.js": {"path":"G:\\Projects\\NodeJs\\Vidly\\startup\\routes.js","statementMap":{"0":{"start":{"line":1,"column":16},"end":{"line":1,"column":34}},"1":{"start":{"line":2,"column":15},"end":{"line":2,"column":42}},"2":{"start":{"line":3,"column":18},"end":{"line":3,"column":48}},"3":{"start":{"line":4,"column":15},"end":{"line":4,"column":42}},"4":{"start":{"line":5,"column":16},"end":{"line":5,"column":44}},"5":{"start":{"line":6,"column":14},"end":{"line":6,"column":40}},"6":{"start":{"line":7,"column":14},"end":{"line":7,"column":44}},"7":{"start":{"line":9,"column":0},"end":{"line":18,"column":2}},"8":{"start":{"line":10,"column":2},"end":{"line":10,"column":26}},"9":{"start":{"line":11,"column":2},"end":{"line":11,"column":50}},"10":{"start":{"line":12,"column":2},"end":{"line":12,"column":33}},"11":{"start":{"line":13,"column":2},"end":{"line":13,"column":35}},"12":{"start":{"line":14,"column":2},"end":{"line":14,"column":39}},"13":{"start":{"line":15,"column":2},"end":{"line":15,"column":33}},"14":{"start":{"line":16,"column":2},"end":{"line":16,"column":31}},"15":{"start":{"line":17,"column":2},"end":{"line":17,"column":17}}},"fnMap":{"0":{"name":"(anonymous_0)","decl":{"start":{"line":9,"column":17},"end":{"line":9,"column":18}},"loc":{"start":{"line":9,"column":31},"end":{"line":18,"column":1}},"line":9}},"branchMap":{},"s":{"0":2,"1":2,"2":2,"3":2,"4":2,"5":2,"6":2,"7":2,"8":2,"9":2,"10":2,"11":2,"12":2,"13":2,"14":2,"15":2},"f":{"0":2},"b":{},"_coverageSchema":"43e27e138ebf9cfc5966b082cf9a028302ed4184","hash":"2e2933427ae0062d6b4e7550d0cbbbdc0c5e61fe"}
,"G:\\Projects\\NodeJs\\Vidly\\startup\\validation.js": {"path":"G:\\Projects\\NodeJs\\Vidly\\startup\\validation.js","statementMap":{"0":{"start":{"line":1,"column":12},"end":{"line":1,"column":26}},"1":{"start":{"line":3,"column":0},"end":{"line":6,"column":2}},"2":{"start":{"line":4,"column":2},"end":{"line":4,"column":28}},"3":{"start":{"line":5,"column":2},"end":{"line":5,"column":46}}},"fnMap":{"0":{"name":"(anonymous_0)","decl":{"start":{"line":3,"column":17},"end":{"line":3,"column":18}},"loc":{"start":{"line":3,"column":28},"end":{"line":6,"column":1}},"line":3}},"branchMap":{},"s":{"0":2,"1":2,"2":2,"3":2},"f":{"0":2},"b":{},"_coverageSchema":"43e27e138ebf9cfc5966b082cf9a028302ed4184","hash":"7bc06e7c1a7380cd0c5e414951dad0bd4844e8e7"}
}
